mode: set
github.com/Ptt-official-app/go-pttbbs/cmsys/record.go:12.55,14.16 2 1
github.com/Ptt-official-app/go-pttbbs/cmsys/record.go:18.2,18.39 1 1
github.com/Ptt-official-app/go-pttbbs/cmsys/record.go:14.16,16.3 1 1
github.com/Ptt-official-app/go-pttbbs/cmsys/record.go:21.101,22.25 1 1
github.com/Ptt-official-app/go-pttbbs/cmsys/record.go:26.2,27.16 2 1
github.com/Ptt-official-app/go-pttbbs/cmsys/record.go:30.2,34.16 4 1
github.com/Ptt-official-app/go-pttbbs/cmsys/record.go:39.2,41.16 3 1
github.com/Ptt-official-app/go-pttbbs/cmsys/record.go:50.2,54.16 5 1
github.com/Ptt-official-app/go-pttbbs/cmsys/record.go:57.2,58.42 2 1
github.com/Ptt-official-app/go-pttbbs/cmsys/record.go:65.2,65.23 1 1
github.com/Ptt-official-app/go-pttbbs/cmsys/record.go:22.25,24.3 1 0
github.com/Ptt-official-app/go-pttbbs/cmsys/record.go:27.16,29.3 1 0
github.com/Ptt-official-app/go-pttbbs/cmsys/record.go:34.16,36.3 1 0
github.com/Ptt-official-app/go-pttbbs/cmsys/record.go:41.16,43.20 1 1
github.com/Ptt-official-app/go-pttbbs/cmsys/record.go:46.3,46.18 1 1
github.com/Ptt-official-app/go-pttbbs/cmsys/record.go:43.20,45.4 1 1
github.com/Ptt-official-app/go-pttbbs/cmsys/record.go:54.16,56.3 1 0
github.com/Ptt-official-app/go-pttbbs/cmsys/record.go:58.42,63.3 1 1
github.com/Ptt-official-app/go-pttbbs/cmsys/string.go:5.53,7.2 1 1
github.com/Ptt-official-app/go-pttbbs/cmsys/string.go:9.41,11.2 1 1
github.com/Ptt-official-app/go-pttbbs/cmsys/time.go:11.32,13.2 1 1
github.com/Ptt-official-app/go-pttbbs/cmsys/time.go:21.37,22.21 1 1
github.com/Ptt-official-app/go-pttbbs/cmsys/time.go:26.2,26.33 1 1
github.com/Ptt-official-app/go-pttbbs/cmsys/time.go:22.21,24.3 1 1
github.com/Ptt-official-app/go-pttbbs/cmsys/time.go:26.33,27.14 1 1
github.com/Ptt-official-app/go-pttbbs/cmsys/time.go:27.14,29.4 1 1
github.com/Ptt-official-app/go-pttbbs/cmsys/time.go:29.9,31.4 1 1
github.com/Ptt-official-app/go-pttbbs/cmsys/time.go:32.8,34.3 1 1
github.com/Ptt-official-app/go-pttbbs/cmsys/fnv_hash.go:8.54,9.32 1 1
github.com/Ptt-official-app/go-pttbbs/cmsys/fnv_hash.go:14.2,14.13 1 1
github.com/Ptt-official-app/go-pttbbs/cmsys/fnv_hash.go:9.32,12.3 2 1
github.com/Ptt-official-app/go-pttbbs/cmsys/fnv_hash.go:17.56,18.32 1 1
github.com/Ptt-official-app/go-pttbbs/cmsys/fnv_hash.go:26.2,26.13 1 1
github.com/Ptt-official-app/go-pttbbs/cmsys/fnv_hash.go:18.32,19.16 1 1
github.com/Ptt-official-app/go-pttbbs/cmsys/fnv_hash.go:22.3,23.23 2 1
github.com/Ptt-official-app/go-pttbbs/cmsys/fnv_hash.go:19.16,20.9 1 0
github.com/Ptt-official-app/go-pttbbs/cmsys/fnv_hash.go:29.58,30.32 1 1
github.com/Ptt-official-app/go-pttbbs/cmsys/fnv_hash.go:38.2,38.13 1 1
github.com/Ptt-official-app/go-pttbbs/cmsys/fnv_hash.go:30.32,31.16 1 1
github.com/Ptt-official-app/go-pttbbs/cmsys/fnv_hash.go:34.3,35.23 2 1
github.com/Ptt-official-app/go-pttbbs/cmsys/fnv_hash.go:31.16,32.9 1 0
github.com/Ptt-official-app/go-pttbbs/cmsys/fnv_hash.go:41.59,43.32 2 1
github.com/Ptt-official-app/go-pttbbs/cmsys/fnv_hash.go:62.2,62.13 1 1
github.com/Ptt-official-app/go-pttbbs/cmsys/fnv_hash.go:43.32,44.16 1 1
github.com/Ptt-official-app/go-pttbbs/cmsys/fnv_hash.go:47.3,47.13 1 1
github.com/Ptt-official-app/go-pttbbs/cmsys/fnv_hash.go:58.3,59.23 2 1
github.com/Ptt-official-app/go-pttbbs/cmsys/fnv_hash.go:44.16,45.9 1 0
github.com/Ptt-official-app/go-pttbbs/cmsys/fnv_hash.go:47.13,50.4 1 0
github.com/Ptt-official-app/go-pttbbs/cmsys/fnv_hash.go:50.9,51.19 1 1
github.com/Ptt-official-app/go-pttbbs/cmsys/fnv_hash.go:51.19,53.5 1 1
github.com/Ptt-official-app/go-pttbbs/cmsys/fnv_hash.go:53.10,55.5 1 0
github.com/Ptt-official-app/go-pttbbs/cmsys/fnv_hash.go:69.54,70.32 1 1
github.com/Ptt-official-app/go-pttbbs/cmsys/fnv_hash.go:75.2,75.13 1 1
github.com/Ptt-official-app/go-pttbbs/cmsys/fnv_hash.go:70.32,73.3 2 1
github.com/Ptt-official-app/go-pttbbs/cmsys/fnv_hash.go:78.56,79.32 1 1
github.com/Ptt-official-app/go-pttbbs/cmsys/fnv_hash.go:87.2,87.13 1 1
github.com/Ptt-official-app/go-pttbbs/cmsys/fnv_hash.go:79.32,80.16 1 1
github.com/Ptt-official-app/go-pttbbs/cmsys/fnv_hash.go:83.3,84.23 2 1
github.com/Ptt-official-app/go-pttbbs/cmsys/fnv_hash.go:80.16,81.9 1 0
github.com/Ptt-official-app/go-pttbbs/cmsys/fnv_hash.go:90.58,91.32 1 1
github.com/Ptt-official-app/go-pttbbs/cmsys/fnv_hash.go:99.2,99.13 1 1
github.com/Ptt-official-app/go-pttbbs/cmsys/fnv_hash.go:91.32,92.16 1 1
github.com/Ptt-official-app/go-pttbbs/cmsys/fnv_hash.go:95.3,96.23 2 1
github.com/Ptt-official-app/go-pttbbs/cmsys/fnv_hash.go:92.16,93.9 1 0
github.com/Ptt-official-app/go-pttbbs/cmsys/fnv_hash.go:102.59,104.32 2 1
github.com/Ptt-official-app/go-pttbbs/cmsys/fnv_hash.go:123.2,123.13 1 1
github.com/Ptt-official-app/go-pttbbs/cmsys/fnv_hash.go:104.32,105.16 1 1
github.com/Ptt-official-app/go-pttbbs/cmsys/fnv_hash.go:108.3,108.13 1 1
github.com/Ptt-official-app/go-pttbbs/cmsys/fnv_hash.go:119.3,120.23 2 1
github.com/Ptt-official-app/go-pttbbs/cmsys/fnv_hash.go:105.16,106.9 1 0
github.com/Ptt-official-app/go-pttbbs/cmsys/fnv_hash.go:108.13,111.4 1 0
github.com/Ptt-official-app/go-pttbbs/cmsys/fnv_hash.go:111.9,112.19 1 1
github.com/Ptt-official-app/go-pttbbs/cmsys/fnv_hash.go:112.19,114.5 1 1
github.com/Ptt-official-app/go-pttbbs/cmsys/fnv_hash.go:114.10,116.5 1 0
github.com/Ptt-official-app/go-pttbbs/cmsys/fnv_hash.go:126.50,130.2 3 1
