mode: set
github.com/Ptt-official-app/go-pttbbs/bbs/userec.go:28.61,47.2 16 1
github.com/Ptt-official-app/go-pttbbs/bbs/login.go:12.70,21.16 8 1
github.com/Ptt-official-app/go-pttbbs/bbs/login.go:25.2,27.18 2 1
github.com/Ptt-official-app/go-pttbbs/bbs/login.go:21.16,23.3 1 0
github.com/Ptt-official-app/go-pttbbs/bbs/passwd.go:11.57,13.16 2 1
github.com/Ptt-official-app/go-pttbbs/bbs/passwd.go:18.2,20.6 2 1
github.com/Ptt-official-app/go-pttbbs/bbs/passwd.go:34.2,34.17 1 1
github.com/Ptt-official-app/go-pttbbs/bbs/passwd.go:13.16,16.3 2 0
github.com/Ptt-official-app/go-pttbbs/bbs/passwd.go:20.6,22.21 2 1
github.com/Ptt-official-app/go-pttbbs/bbs/passwd.go:31.3,31.26 1 1
github.com/Ptt-official-app/go-pttbbs/bbs/passwd.go:22.21,24.25 1 1
github.com/Ptt-official-app/go-pttbbs/bbs/passwd.go:28.4,29.9 2 1
github.com/Ptt-official-app/go-pttbbs/bbs/passwd.go:24.25,25.10 1 1
github.com/Ptt-official-app/go-pttbbs/bbs/passwd.go:38.56,40.16 2 1
github.com/Ptt-official-app/go-pttbbs/bbs/passwd.go:44.2,46.18 2 1
github.com/Ptt-official-app/go-pttbbs/bbs/passwd.go:40.16,42.3 1 1
github.com/Ptt-official-app/go-pttbbs/bbs/register.go:19.29,57.16 17 0
github.com/Ptt-official-app/go-pttbbs/bbs/register.go:61.2,63.18 2 0
github.com/Ptt-official-app/go-pttbbs/bbs/register.go:57.16,59.3 1 0
github.com/Ptt-official-app/go-pttbbs/bbs/testcases.go:109.21,110.32 1 1
github.com/Ptt-official-app/go-pttbbs/bbs/testcases.go:110.32,112.48 2 1
github.com/Ptt-official-app/go-pttbbs/bbs/testcases.go:115.3,119.39 5 1
github.com/Ptt-official-app/go-pttbbs/bbs/testcases.go:112.48,114.4 1 1
github.com/Ptt-official-app/go-pttbbs/bbs/testcases.go:123.21,125.2 1 1
github.com/Ptt-official-app/go-pttbbs/bbs/testinit.go:16.18,33.2 10 1
github.com/Ptt-official-app/go-pttbbs/bbs/testinit.go:35.21,50.2 9 1
